ARM GAS  /var/folders/hq/30r609yj11d4cs56ydc5lv5h0000gn/T//ccuAYGB9.s 			page 1


   1              		.cpu cortex-m3
   2              		.arch armv7-m
   3              		.fpu softvfp
   4              		.eabi_attribute 20, 1
   5              		.eabi_attribute 21, 1
   6              		.eabi_attribute 23, 3
   7              		.eabi_attribute 24, 1
   8              		.eabi_attribute 25, 1
   9              		.eabi_attribute 26, 1
  10              		.eabi_attribute 30, 1
  11              		.eabi_attribute 34, 1
  12              		.eabi_attribute 18, 4
  13              		.file	"freertos.c"
  14              		.text
  15              	.Ltext0:
  16              		.cfi_sections	.debug_frame
  17              		.file 1 "Core/Src/freertos.c"
  18              		.section	.text.StartDefaultTask,"ax",%progbits
  19              		.align	1
  20              		.global	StartDefaultTask
  21              		.syntax unified
  22              		.thumb
  23              		.thumb_func
  25              	StartDefaultTask:
  26              	.LFB70:
   1:Core/Src/freertos.c **** /* USER CODE BEGIN Header */
   2:Core/Src/freertos.c **** /**
   3:Core/Src/freertos.c ****   ******************************************************************************
   4:Core/Src/freertos.c ****   * File Name          : freertos.c
   5:Core/Src/freertos.c ****   * Description        : Code for freertos applications
   6:Core/Src/freertos.c ****   ******************************************************************************
   7:Core/Src/freertos.c ****   * @attention
   8:Core/Src/freertos.c ****   *
   9:Core/Src/freertos.c ****   * Copyright (c) 2025 STMicroelectronics.
  10:Core/Src/freertos.c ****   * All rights reserved.
  11:Core/Src/freertos.c ****   *
  12:Core/Src/freertos.c ****   * This software is licensed under terms that can be found in the LICENSE file
  13:Core/Src/freertos.c ****   * in the root directory of this software component.
  14:Core/Src/freertos.c ****   * If no LICENSE file comes with this software, it is provided AS-IS.
  15:Core/Src/freertos.c ****   *
  16:Core/Src/freertos.c ****   ******************************************************************************
  17:Core/Src/freertos.c ****   */
  18:Core/Src/freertos.c **** /* USER CODE END Header */
  19:Core/Src/freertos.c **** 
  20:Core/Src/freertos.c **** /* Includes ------------------------------------------------------------------*/
  21:Core/Src/freertos.c **** #include "FreeRTOS.h"
  22:Core/Src/freertos.c **** #include "task.h"
  23:Core/Src/freertos.c **** #include "main.h"
  24:Core/Src/freertos.c **** #include "cmsis_os.h"
  25:Core/Src/freertos.c **** #include "gpio.h"
  26:Core/Src/freertos.c **** /* Private includes ----------------------------------------------------------*/
  27:Core/Src/freertos.c **** /* USER CODE BEGIN Includes */
  28:Core/Src/freertos.c **** 
  29:Core/Src/freertos.c **** /* USER CODE END Includes */
  30:Core/Src/freertos.c **** 
  31:Core/Src/freertos.c **** /* Private typedef -----------------------------------------------------------*/
  32:Core/Src/freertos.c **** /* USER CODE BEGIN PTD */
ARM GAS  /var/folders/hq/30r609yj11d4cs56ydc5lv5h0000gn/T//ccuAYGB9.s 			page 2


  33:Core/Src/freertos.c **** 
  34:Core/Src/freertos.c **** /* USER CODE END PTD */
  35:Core/Src/freertos.c **** 
  36:Core/Src/freertos.c **** /* Private define ------------------------------------------------------------*/
  37:Core/Src/freertos.c **** /* USER CODE BEGIN PD */
  38:Core/Src/freertos.c **** 
  39:Core/Src/freertos.c **** /* USER CODE END PD */
  40:Core/Src/freertos.c **** 
  41:Core/Src/freertos.c **** /* Private macro -------------------------------------------------------------*/
  42:Core/Src/freertos.c **** /* USER CODE BEGIN PM */
  43:Core/Src/freertos.c **** 
  44:Core/Src/freertos.c **** /* USER CODE END PM */
  45:Core/Src/freertos.c **** 
  46:Core/Src/freertos.c **** /* Private variables ---------------------------------------------------------*/
  47:Core/Src/freertos.c **** /* USER CODE BEGIN Variables */
  48:Core/Src/freertos.c **** 
  49:Core/Src/freertos.c **** /* USER CODE END Variables */
  50:Core/Src/freertos.c **** /* Definitions for defaultTask */
  51:Core/Src/freertos.c **** osThreadId_t defaultTaskHandle;
  52:Core/Src/freertos.c **** const osThreadAttr_t defaultTask_attributes = {
  53:Core/Src/freertos.c ****   .name = "defaultTask",
  54:Core/Src/freertos.c ****   .stack_size = 128 * 4,
  55:Core/Src/freertos.c ****   .priority = (osPriority_t) osPriorityNormal,
  56:Core/Src/freertos.c **** };
  57:Core/Src/freertos.c **** 
  58:Core/Src/freertos.c **** /* Private function prototypes -----------------------------------------------*/
  59:Core/Src/freertos.c **** /* USER CODE BEGIN FunctionPrototypes */
  60:Core/Src/freertos.c **** 
  61:Core/Src/freertos.c **** /* USER CODE END FunctionPrototypes */
  62:Core/Src/freertos.c **** 
  63:Core/Src/freertos.c **** void StartDefaultTask(void *argument);
  64:Core/Src/freertos.c **** 
  65:Core/Src/freertos.c **** void MX_FREERTOS_Init(void); /* (MISRA C 2004 rule 8.1) */
  66:Core/Src/freertos.c **** 
  67:Core/Src/freertos.c **** /**
  68:Core/Src/freertos.c ****   * @brief  FreeRTOS initialization
  69:Core/Src/freertos.c ****   * @param  None
  70:Core/Src/freertos.c ****   * @retval None
  71:Core/Src/freertos.c ****   */
  72:Core/Src/freertos.c **** void MX_FREERTOS_Init(void) {
  73:Core/Src/freertos.c ****   /* USER CODE BEGIN Init */
  74:Core/Src/freertos.c **** 
  75:Core/Src/freertos.c ****   /* USER CODE END Init */
  76:Core/Src/freertos.c **** 
  77:Core/Src/freertos.c ****   /* USER CODE BEGIN RTOS_MUTEX */
  78:Core/Src/freertos.c ****   /* add mutexes, ... */
  79:Core/Src/freertos.c ****   /* USER CODE END RTOS_MUTEX */
  80:Core/Src/freertos.c **** 
  81:Core/Src/freertos.c ****   /* USER CODE BEGIN RTOS_SEMAPHORES */
  82:Core/Src/freertos.c ****   /* add semaphores, ... */
  83:Core/Src/freertos.c ****   /* USER CODE END RTOS_SEMAPHORES */
  84:Core/Src/freertos.c **** 
  85:Core/Src/freertos.c ****   /* USER CODE BEGIN RTOS_TIMERS */
  86:Core/Src/freertos.c ****   /* start timers, add new ones, ... */
  87:Core/Src/freertos.c ****   /* USER CODE END RTOS_TIMERS */
  88:Core/Src/freertos.c **** 
  89:Core/Src/freertos.c ****   /* USER CODE BEGIN RTOS_QUEUES */
ARM GAS  /var/folders/hq/30r609yj11d4cs56ydc5lv5h0000gn/T//ccuAYGB9.s 			page 3


  90:Core/Src/freertos.c ****   /* add queues, ... */
  91:Core/Src/freertos.c ****   /* USER CODE END RTOS_QUEUES */
  92:Core/Src/freertos.c **** 
  93:Core/Src/freertos.c ****   /* Create the thread(s) */
  94:Core/Src/freertos.c ****   /* creation of defaultTask */
  95:Core/Src/freertos.c ****   defaultTaskHandle = osThreadNew(StartDefaultTask, NULL, &defaultTask_attributes);
  96:Core/Src/freertos.c **** 
  97:Core/Src/freertos.c ****   /* USER CODE BEGIN RTOS_THREADS */
  98:Core/Src/freertos.c ****   /* add threads, ... */
  99:Core/Src/freertos.c ****   /* USER CODE END RTOS_THREADS */
 100:Core/Src/freertos.c **** 
 101:Core/Src/freertos.c ****   /* USER CODE BEGIN RTOS_EVENTS */
 102:Core/Src/freertos.c ****   /* add events, ... */
 103:Core/Src/freertos.c ****   /* USER CODE END RTOS_EVENTS */
 104:Core/Src/freertos.c **** 
 105:Core/Src/freertos.c **** }
 106:Core/Src/freertos.c **** 
 107:Core/Src/freertos.c **** /* USER CODE BEGIN Header_StartDefaultTask */
 108:Core/Src/freertos.c **** /**
 109:Core/Src/freertos.c ****   * @brief  Function implementing the defaultTask thread.
 110:Core/Src/freertos.c ****   * @param  argument: Not used
 111:Core/Src/freertos.c ****   * @retval None
 112:Core/Src/freertos.c ****   */
 113:Core/Src/freertos.c **** /* USER CODE END Header_StartDefaultTask */
 114:Core/Src/freertos.c **** void StartDefaultTask(void *argument)
 115:Core/Src/freertos.c **** {
  27              		.loc 1 115 1 view -0
  28              		.cfi_startproc
  29              		@ Volatile: function does not return.
  30              		@ args = 0, pretend = 0, frame = 0
  31              		@ frame_needed = 0, uses_anonymous_args = 0
  32              	.LVL0:
  33              		.loc 1 115 1 is_stmt 0 view .LVU1
  34 0000 08B5     		push	{r3, lr}
  35              	.LCFI0:
  36              		.cfi_def_cfa_offset 8
  37              		.cfi_offset 3, -8
  38              		.cfi_offset 14, -4
  39              	.LVL1:
  40              	.L2:
 116:Core/Src/freertos.c ****   /* USER CODE BEGIN StartDefaultTask */
 117:Core/Src/freertos.c ****   /* Infinite loop */
 118:Core/Src/freertos.c ****   for(;;)
  41              		.loc 1 118 3 is_stmt 1 view .LVU2
 119:Core/Src/freertos.c ****   {
 120:Core/Src/freertos.c ****     //HAL_GPIO_WritePin(LED_GPIO_Port, LED_Pin, GPIO_PIN_SET);
 121:Core/Src/freertos.c ****     LED_OFF;
  42              		.loc 1 121 5 view .LVU3
  43 0002 0B4C     		ldr	r4, .L4
  44 0004 0122     		movs	r2, #1
  45 0006 4FF40051 		mov	r1, #8192
  46 000a 2046     		mov	r0, r4
  47 000c FFF7FEFF 		bl	HAL_GPIO_WritePin
  48              	.LVL2:
 122:Core/Src/freertos.c ****     osDelay(500);
  49              		.loc 1 122 5 view .LVU4
  50 0010 4FF4FA70 		mov	r0, #500
ARM GAS  /var/folders/hq/30r609yj11d4cs56ydc5lv5h0000gn/T//ccuAYGB9.s 			page 4


  51 0014 FFF7FEFF 		bl	osDelay
  52              	.LVL3:
 123:Core/Src/freertos.c ****     //HAL_GPIO_WritePin(LED_GPIO_Port, LED_Pin, GPIO_PIN_RESET);
 124:Core/Src/freertos.c ****     LED_ON;
  53              		.loc 1 124 5 view .LVU5
  54 0018 0022     		movs	r2, #0
  55 001a 4FF40051 		mov	r1, #8192
  56 001e 2046     		mov	r0, r4
  57 0020 FFF7FEFF 		bl	HAL_GPIO_WritePin
  58              	.LVL4:
 125:Core/Src/freertos.c ****     osDelay(500);
  59              		.loc 1 125 5 discriminator 1 view .LVU6
  60 0024 4FF4FA70 		mov	r0, #500
  61 0028 FFF7FEFF 		bl	osDelay
  62              	.LVL5:
 118:Core/Src/freertos.c ****   {
  63              		.loc 1 118 3 view .LVU7
  64 002c E9E7     		b	.L2
  65              	.L5:
  66 002e 00BF     		.align	2
  67              	.L4:
  68 0030 00100140 		.word	1073811456
  69              		.cfi_endproc
  70              	.LFE70:
  72              		.section	.text.MX_FREERTOS_Init,"ax",%progbits
  73              		.align	1
  74              		.global	MX_FREERTOS_Init
  75              		.syntax unified
  76              		.thumb
  77              		.thumb_func
  79              	MX_FREERTOS_Init:
  80              	.LFB69:
  72:Core/Src/freertos.c ****   /* USER CODE BEGIN Init */
  81              		.loc 1 72 29 view -0
  82              		.cfi_startproc
  83              		@ args = 0, pretend = 0, frame = 0
  84              		@ frame_needed = 0, uses_anonymous_args = 0
  85 0000 08B5     		push	{r3, lr}
  86              	.LCFI1:
  87              		.cfi_def_cfa_offset 8
  88              		.cfi_offset 3, -8
  89              		.cfi_offset 14, -4
  95:Core/Src/freertos.c **** 
  90              		.loc 1 95 3 view .LVU9
  95:Core/Src/freertos.c **** 
  91              		.loc 1 95 23 is_stmt 0 view .LVU10
  92 0002 044A     		ldr	r2, .L8
  93 0004 0021     		movs	r1, #0
  94 0006 0448     		ldr	r0, .L8+4
  95 0008 FFF7FEFF 		bl	osThreadNew
  96              	.LVL6:
  95:Core/Src/freertos.c **** 
  97              		.loc 1 95 21 discriminator 1 view .LVU11
  98 000c 034B     		ldr	r3, .L8+8
  99 000e 1860     		str	r0, [r3]
 105:Core/Src/freertos.c **** 
 100              		.loc 1 105 1 view .LVU12
ARM GAS  /var/folders/hq/30r609yj11d4cs56ydc5lv5h0000gn/T//ccuAYGB9.s 			page 5


 101 0010 08BD     		pop	{r3, pc}
 102              	.L9:
 103 0012 00BF     		.align	2
 104              	.L8:
 105 0014 00000000 		.word	defaultTask_attributes
 106 0018 00000000 		.word	StartDefaultTask
 107 001c 00000000 		.word	defaultTaskHandle
 108              		.cfi_endproc
 109              	.LFE69:
 111              		.global	defaultTask_attributes
 112              		.section	.rodata.str1.4,"aMS",%progbits,1
 113              		.align	2
 114              	.LC0:
 115 0000 64656661 		.ascii	"defaultTask\000"
 115      756C7454 
 115      61736B00 
 116              		.section	.rodata.defaultTask_attributes,"a"
 117              		.align	2
 120              	defaultTask_attributes:
 121 0000 00000000 		.word	.LC0
 122 0004 00000000 		.space	16
 122      00000000 
 122      00000000 
 122      00000000 
 123 0014 00020000 		.word	512
 124 0018 18000000 		.word	24
 125 001c 00000000 		.space	8
 125      00000000 
 126              		.global	defaultTaskHandle
 127              		.section	.bss.defaultTaskHandle,"aw",%nobits
 128              		.align	2
 131              	defaultTaskHandle:
 132 0000 00000000 		.space	4
 133              		.text
 134              	.Letext0:
 135              		.file 2 "/Applications/ArmGNUToolchain/14.2.rel1/arm-none-eabi/arm-none-eabi/include/machine/_defa
 136              		.file 3 "/Applications/ArmGNUToolchain/14.2.rel1/arm-none-eabi/arm-none-eabi/include/sys/_stdint.h
 137              		.file 4 "Drivers/CMSIS/Device/ST/STM32F1xx/Include/stm32f103xb.h"
 138              		.file 5 "Drivers/STM32F1xx_HAL_Driver/Inc/stm32f1xx_hal_gpio.h"
 139              		.file 6 "Middlewares/Third_Party/FreeRTOS/Source/CMSIS_RTOS_V2/cmsis_os2.h"
ARM GAS  /var/folders/hq/30r609yj11d4cs56ydc5lv5h0000gn/T//ccuAYGB9.s 			page 6


DEFINED SYMBOLS
                            *ABS*:00000000 freertos.c
/var/folders/hq/30r609yj11d4cs56ydc5lv5h0000gn/T//ccuAYGB9.s:19     .text.StartDefaultTask:00000000 $t
/var/folders/hq/30r609yj11d4cs56ydc5lv5h0000gn/T//ccuAYGB9.s:25     .text.StartDefaultTask:00000000 StartDefaultTask
/var/folders/hq/30r609yj11d4cs56ydc5lv5h0000gn/T//ccuAYGB9.s:68     .text.StartDefaultTask:00000030 $d
/var/folders/hq/30r609yj11d4cs56ydc5lv5h0000gn/T//ccuAYGB9.s:73     .text.MX_FREERTOS_Init:00000000 $t
/var/folders/hq/30r609yj11d4cs56ydc5lv5h0000gn/T//ccuAYGB9.s:79     .text.MX_FREERTOS_Init:00000000 MX_FREERTOS_Init
/var/folders/hq/30r609yj11d4cs56ydc5lv5h0000gn/T//ccuAYGB9.s:105    .text.MX_FREERTOS_Init:00000014 $d
/var/folders/hq/30r609yj11d4cs56ydc5lv5h0000gn/T//ccuAYGB9.s:120    .rodata.defaultTask_attributes:00000000 defaultTask_attributes
/var/folders/hq/30r609yj11d4cs56ydc5lv5h0000gn/T//ccuAYGB9.s:131    .bss.defaultTaskHandle:00000000 defaultTaskHandle
/var/folders/hq/30r609yj11d4cs56ydc5lv5h0000gn/T//ccuAYGB9.s:113    .rodata.str1.4:00000000 $d
/var/folders/hq/30r609yj11d4cs56ydc5lv5h0000gn/T//ccuAYGB9.s:117    .rodata.defaultTask_attributes:00000000 $d
/var/folders/hq/30r609yj11d4cs56ydc5lv5h0000gn/T//ccuAYGB9.s:128    .bss.defaultTaskHandle:00000000 $d

UNDEFINED SYMBOLS
HAL_GPIO_WritePin
osDelay
osThreadNew
