ARM GAS  /var/folders/hq/30r609yj11d4cs56ydc5lv5h0000gn/T//ccNj3w2o.s 			page 1


   1              		.cpu cortex-m3
   2              		.arch armv7-m
   3              		.fpu softvfp
   4              		.eabi_attribute 20, 1
   5              		.eabi_attribute 21, 1
   6              		.eabi_attribute 23, 3
   7              		.eabi_attribute 24, 1
   8              		.eabi_attribute 25, 1
   9              		.eabi_attribute 26, 1
  10              		.eabi_attribute 30, 1
  11              		.eabi_attribute 34, 1
  12              		.eabi_attribute 18, 4
  13              		.file	"gpio.c"
  14              		.text
  15              	.Ltext0:
  16              		.cfi_sections	.debug_frame
  17              		.file 1 "Core/Src/gpio.c"
  18              		.section	.text.MX_GPIO_Init,"ax",%progbits
  19              		.align	1
  20              		.global	MX_GPIO_Init
  21              		.syntax unified
  22              		.thumb
  23              		.thumb_func
  25              	MX_GPIO_Init:
  26              	.LFB65:
   1:Core/Src/gpio.c **** /* USER CODE BEGIN Header */
   2:Core/Src/gpio.c **** /**
   3:Core/Src/gpio.c ****   ******************************************************************************
   4:Core/Src/gpio.c ****   * @file    gpio.c
   5:Core/Src/gpio.c ****   * @brief   This file provides code for the configuration
   6:Core/Src/gpio.c ****   *          of all used GPIO pins.
   7:Core/Src/gpio.c ****   ******************************************************************************
   8:Core/Src/gpio.c ****   * @attention
   9:Core/Src/gpio.c ****   *
  10:Core/Src/gpio.c ****   * Copyright (c) 2025 STMicroelectronics.
  11:Core/Src/gpio.c ****   * All rights reserved.
  12:Core/Src/gpio.c ****   *
  13:Core/Src/gpio.c ****   * This software is licensed under terms that can be found in the LICENSE file
  14:Core/Src/gpio.c ****   * in the root directory of this software component.
  15:Core/Src/gpio.c ****   * If no LICENSE file comes with this software, it is provided AS-IS.
  16:Core/Src/gpio.c ****   *
  17:Core/Src/gpio.c ****   ******************************************************************************
  18:Core/Src/gpio.c ****   */
  19:Core/Src/gpio.c **** /* USER CODE END Header */
  20:Core/Src/gpio.c **** 
  21:Core/Src/gpio.c **** /* Includes ------------------------------------------------------------------*/
  22:Core/Src/gpio.c **** #include "gpio.h"
  23:Core/Src/gpio.c **** 
  24:Core/Src/gpio.c **** /* USER CODE BEGIN 0 */
  25:Core/Src/gpio.c **** 
  26:Core/Src/gpio.c **** /* USER CODE END 0 */
  27:Core/Src/gpio.c **** 
  28:Core/Src/gpio.c **** /*----------------------------------------------------------------------------*/
  29:Core/Src/gpio.c **** /* Configure GPIO                                                             */
  30:Core/Src/gpio.c **** /*----------------------------------------------------------------------------*/
  31:Core/Src/gpio.c **** /* USER CODE BEGIN 1 */
  32:Core/Src/gpio.c **** 
ARM GAS  /var/folders/hq/30r609yj11d4cs56ydc5lv5h0000gn/T//ccNj3w2o.s 			page 2


  33:Core/Src/gpio.c **** /* USER CODE END 1 */
  34:Core/Src/gpio.c **** 
  35:Core/Src/gpio.c **** /** Configure pins as
  36:Core/Src/gpio.c ****         * Analog
  37:Core/Src/gpio.c ****         * Input
  38:Core/Src/gpio.c ****         * Output
  39:Core/Src/gpio.c ****         * EVENT_OUT
  40:Core/Src/gpio.c ****         * EXTI
  41:Core/Src/gpio.c **** */
  42:Core/Src/gpio.c **** void MX_GPIO_Init(void)
  43:Core/Src/gpio.c **** {
  27              		.loc 1 43 1 view -0
  28              		.cfi_startproc
  29              		@ args = 0, pretend = 0, frame = 32
  30              		@ frame_needed = 0, uses_anonymous_args = 0
  31 0000 70B5     		push	{r4, r5, r6, lr}
  32              	.LCFI0:
  33              		.cfi_def_cfa_offset 16
  34              		.cfi_offset 4, -16
  35              		.cfi_offset 5, -12
  36              		.cfi_offset 6, -8
  37              		.cfi_offset 14, -4
  38 0002 88B0     		sub	sp, sp, #32
  39              	.LCFI1:
  40              		.cfi_def_cfa_offset 48
  44:Core/Src/gpio.c **** 
  45:Core/Src/gpio.c ****   GPIO_InitTypeDef GPIO_InitStruct = {0};
  41              		.loc 1 45 3 view .LVU1
  42              		.loc 1 45 20 is_stmt 0 view .LVU2
  43 0004 04AD     		add	r5, sp, #16
  44 0006 0024     		movs	r4, #0
  45 0008 0494     		str	r4, [sp, #16]
  46 000a 0594     		str	r4, [sp, #20]
  47 000c 0694     		str	r4, [sp, #24]
  48 000e 0794     		str	r4, [sp, #28]
  46:Core/Src/gpio.c **** 
  47:Core/Src/gpio.c ****   /* GPIO Ports Clock Enable */
  48:Core/Src/gpio.c ****   __HAL_RCC_GPIOC_CLK_ENABLE();
  49              		.loc 1 48 3 is_stmt 1 view .LVU3
  50              	.LBB2:
  51              		.loc 1 48 3 view .LVU4
  52              		.loc 1 48 3 view .LVU5
  53 0010 184B     		ldr	r3, .L3
  54 0012 9A69     		ldr	r2, [r3, #24]
  55 0014 42F01002 		orr	r2, r2, #16
  56 0018 9A61     		str	r2, [r3, #24]
  57              		.loc 1 48 3 view .LVU6
  58 001a 9A69     		ldr	r2, [r3, #24]
  59 001c 02F01002 		and	r2, r2, #16
  60 0020 0192     		str	r2, [sp, #4]
  61              		.loc 1 48 3 view .LVU7
  62 0022 019A     		ldr	r2, [sp, #4]
  63              	.LBE2:
  64              		.loc 1 48 3 view .LVU8
  49:Core/Src/gpio.c ****   __HAL_RCC_GPIOD_CLK_ENABLE();
  65              		.loc 1 49 3 view .LVU9
  66              	.LBB3:
ARM GAS  /var/folders/hq/30r609yj11d4cs56ydc5lv5h0000gn/T//ccNj3w2o.s 			page 3


  67              		.loc 1 49 3 view .LVU10
  68              		.loc 1 49 3 view .LVU11
  69 0024 9A69     		ldr	r2, [r3, #24]
  70 0026 42F02002 		orr	r2, r2, #32
  71 002a 9A61     		str	r2, [r3, #24]
  72              		.loc 1 49 3 view .LVU12
  73 002c 9A69     		ldr	r2, [r3, #24]
  74 002e 02F02002 		and	r2, r2, #32
  75 0032 0292     		str	r2, [sp, #8]
  76              		.loc 1 49 3 view .LVU13
  77 0034 029A     		ldr	r2, [sp, #8]
  78              	.LBE3:
  79              		.loc 1 49 3 view .LVU14
  50:Core/Src/gpio.c ****   __HAL_RCC_GPIOA_CLK_ENABLE();
  80              		.loc 1 50 3 view .LVU15
  81              	.LBB4:
  82              		.loc 1 50 3 view .LVU16
  83              		.loc 1 50 3 view .LVU17
  84 0036 9A69     		ldr	r2, [r3, #24]
  85 0038 42F00402 		orr	r2, r2, #4
  86 003c 9A61     		str	r2, [r3, #24]
  87              		.loc 1 50 3 view .LVU18
  88 003e 9B69     		ldr	r3, [r3, #24]
  89 0040 03F00403 		and	r3, r3, #4
  90 0044 0393     		str	r3, [sp, #12]
  91              		.loc 1 50 3 view .LVU19
  92 0046 039B     		ldr	r3, [sp, #12]
  93              	.LBE4:
  94              		.loc 1 50 3 view .LVU20
  51:Core/Src/gpio.c **** 
  52:Core/Src/gpio.c ****   /*Configure GPIO pin Output Level */
  53:Core/Src/gpio.c ****   HAL_GPIO_WritePin(LED_GPIO_Port, LED_Pin, GPIO_PIN_RESET);
  95              		.loc 1 53 3 view .LVU21
  96 0048 0B4E     		ldr	r6, .L3+4
  97 004a 2246     		mov	r2, r4
  98 004c 4FF40051 		mov	r1, #8192
  99 0050 3046     		mov	r0, r6
 100 0052 FFF7FEFF 		bl	HAL_GPIO_WritePin
 101              	.LVL0:
  54:Core/Src/gpio.c **** 
  55:Core/Src/gpio.c ****   /*Configure GPIO pin : LED_Pin */
  56:Core/Src/gpio.c ****   GPIO_InitStruct.Pin = LED_Pin;
 102              		.loc 1 56 3 view .LVU22
 103              		.loc 1 56 23 is_stmt 0 view .LVU23
 104 0056 4FF40053 		mov	r3, #8192
 105 005a 0493     		str	r3, [sp, #16]
  57:Core/Src/gpio.c ****   GPIO_InitStruct.Mode = GPIO_MODE_OUTPUT_PP;
 106              		.loc 1 57 3 is_stmt 1 view .LVU24
 107              		.loc 1 57 24 is_stmt 0 view .LVU25
 108 005c 0123     		movs	r3, #1
 109 005e 0593     		str	r3, [sp, #20]
  58:Core/Src/gpio.c ****   GPIO_InitStruct.Pull = GPIO_NOPULL;
 110              		.loc 1 58 3 is_stmt 1 view .LVU26
 111              		.loc 1 58 24 is_stmt 0 view .LVU27
 112 0060 0694     		str	r4, [sp, #24]
  59:Core/Src/gpio.c ****   GPIO_InitStruct.Speed = GPIO_SPEED_FREQ_LOW;
 113              		.loc 1 59 3 is_stmt 1 view .LVU28
ARM GAS  /var/folders/hq/30r609yj11d4cs56ydc5lv5h0000gn/T//ccNj3w2o.s 			page 4


 114              		.loc 1 59 25 is_stmt 0 view .LVU29
 115 0062 0223     		movs	r3, #2
 116 0064 0793     		str	r3, [sp, #28]
  60:Core/Src/gpio.c ****   HAL_GPIO_Init(LED_GPIO_Port, &GPIO_InitStruct);
 117              		.loc 1 60 3 is_stmt 1 view .LVU30
 118 0066 2946     		mov	r1, r5
 119 0068 3046     		mov	r0, r6
 120 006a FFF7FEFF 		bl	HAL_GPIO_Init
 121              	.LVL1:
  61:Core/Src/gpio.c **** 
  62:Core/Src/gpio.c **** }
 122              		.loc 1 62 1 is_stmt 0 view .LVU31
 123 006e 08B0     		add	sp, sp, #32
 124              	.LCFI2:
 125              		.cfi_def_cfa_offset 16
 126              		@ sp needed
 127 0070 70BD     		pop	{r4, r5, r6, pc}
 128              	.L4:
 129 0072 00BF     		.align	2
 130              	.L3:
 131 0074 00100240 		.word	1073876992
 132 0078 00100140 		.word	1073811456
 133              		.cfi_endproc
 134              	.LFE65:
 136              		.text
 137              	.Letext0:
 138              		.file 2 "/Applications/ArmGNUToolchain/14.2.rel1/arm-none-eabi/arm-none-eabi/include/machine/_defa
 139              		.file 3 "/Applications/ArmGNUToolchain/14.2.rel1/arm-none-eabi/arm-none-eabi/include/sys/_stdint.h
 140              		.file 4 "Drivers/CMSIS/Device/ST/STM32F1xx/Include/stm32f103xb.h"
 141              		.file 5 "Drivers/STM32F1xx_HAL_Driver/Inc/stm32f1xx_hal_gpio.h"
ARM GAS  /var/folders/hq/30r609yj11d4cs56ydc5lv5h0000gn/T//ccNj3w2o.s 			page 5


DEFINED SYMBOLS
                            *ABS*:00000000 gpio.c
/var/folders/hq/30r609yj11d4cs56ydc5lv5h0000gn/T//ccNj3w2o.s:19     .text.MX_GPIO_Init:00000000 $t
/var/folders/hq/30r609yj11d4cs56ydc5lv5h0000gn/T//ccNj3w2o.s:25     .text.MX_GPIO_Init:00000000 MX_GPIO_Init
/var/folders/hq/30r609yj11d4cs56ydc5lv5h0000gn/T//ccNj3w2o.s:131    .text.MX_GPIO_Init:00000074 $d

UNDEFINED SYMBOLS
HAL_GPIO_WritePin
HAL_GPIO_Init
